###############################################################
#  Generated by:      Cadence Innovus 19.17-s077_1
#  OS:                Linux x86_64(Host ID ieng6-ece-18.ucsd.edu)
#  Generated on:      Sun Mar 12 16:57:14 2023
#  Design:            fullchip
#  Command:           checkPinAssignment
###############################################################

Start Checking pins of top cell: [fullchip] 
Summary report for top level: [fullchip] 
	Total Pins                         : 331
	Legally Assigned Pins              : 331
End of Summary report
End Checking pins of top cell: [fullchip] 


===========================================================================================================================
                                                checkPinAssignment Summary
===========================================================================================================================
Partition   | pads  | pins   | legal  | illegal | internal | internal illegal | FT     | FT illegal | constant | unplaced |
===========================================================================================================================
fullchip    |     0 |    331 |    331 |       0 |        0 |                0 |      0 |          0 |        0 |        0 |
===========================================================================================================================
TOTAL       |     0 |    331 |    331 |       0 |        0 |                0 |      0 |          0 |        0 |        0 |
===========================================================================================================================
